<?xml version="1.0" encoding="UTF-8"?>
<Site BuildName="Linux-c++"
	BuildStamp="20220926-0101-Experimental"
	Name="packer"
	Generator="ctest-3.22.1"
	CompilerName="/usr/lib/ccache/c++"
	CompilerVersion="11.2.0"
	OSName="Linux"
	Hostname="packer"
	OSRelease="5.15.0-48-generic"
	OSVersion="#54-Ubuntu SMP Fri Aug 26 13:26:29 UTC 2022"
	OSPlatform="x86_64"
	Is64Bits="1"
	VendorString="GenuineIntel"
	VendorID="Intel Corporation"
	FamilyID="6"
	ModelID="158"
	ProcessorCacheSize="12288"
	NumberOfLogicalCPU="12"
	NumberOfPhysicalCPU="6"
	TotalVirtualMemory="2047"
	TotalPhysicalMemory="15780"
	LogicalProcessorsPerPhysical="2"
	ProcessorClockFrequency="2600"
	>
	<Configure>
		<StartDateTime>Sep 26 09:01 CST</StartDateTime>
		<StartConfigureTime>1664154118</StartConfigureTime>
		<ConfigureCommand>"/usr/bin/cmake" "/home/xyu/Downloads/cmake-3.24.2-tutorial-source/Step8"</ConfigureCommand>
		<Log>-- Configuring done
-- Generating done
-- Build files have been written to: /home/xyu/Downloads/cmake-3.24.2-tutorial-source/Step8_build
</Log>
		<ConfigureStatus>0</ConfigureStatus>
		<EndDateTime>Sep 26 09:01 CST</EndDateTime>
		<EndConfigureTime>1664154118</EndConfigureTime>
		<ElapsedMinutes>0</ElapsedMinutes>
	</Configure>
</Site>
